<?xml version="1.0" encoding="UTF-8"?>
<testsuite xmlns:xsi="http://www.w3.org/2001/XMLSchema-instance" xsi:noNamespaceSchemaLocation="https://maven.apache.org/surefire/maven-surefire-plugin/xsd/surefire-test-report-3.0.xsd" version="3.0" name="com.greenone.smartcalc.TestApplication" time="0.059" tests="6" errors="0" skipped="0" failures="0">
  <properties>
    <property name="java.specification.version" value="21"/>
    <property name="sun.jnu.encoding" value="UTF-8"/>
    <property name="java.class.path" value="/Users/vanesabo/Java/SmartCalc_v3.0/SmartCalc/smartcalc/src/installer/src/main/resources/calc/target/test-classes:/Users/vanesabo/.m2/repository/org/openjfx/javafx-controls/21/javafx-controls-21.jar:/Users/vanesabo/.m2/repository/org/openjfx/javafx-graphics/21/javafx-graphics-21.jar:/Users/vanesabo/.m2/repository/org/openjfx/javafx-base/21/javafx-base-21.jar:/Users/vanesabo/.m2/repository/org/openjfx/javafx-fxml/21/javafx-fxml-21.jar:/Users/vanesabo/.m2/repository/com/jcraft/jsch/0.1.55/jsch-0.1.55.jar:/Users/vanesabo/.m2/repository/org/junit/jupiter/junit-jupiter-api/5.9.2/junit-jupiter-api-5.9.2.jar:/Users/vanesabo/.m2/repository/org/opentest4j/opentest4j/1.2.0/opentest4j-1.2.0.jar:/Users/vanesabo/.m2/repository/org/junit/platform/junit-platform-commons/1.9.2/junit-platform-commons-1.9.2.jar:/Users/vanesabo/.m2/repository/org/apiguardian/apiguardian-api/1.1.2/apiguardian-api-1.1.2.jar:/Users/vanesabo/.m2/repository/org/junit/jupiter/junit-jupiter-engine/5.9.2/junit-jupiter-engine-5.9.2.jar:/Users/vanesabo/.m2/repository/org/junit/platform/junit-platform-engine/1.9.2/junit-platform-engine-1.9.2.jar:"/>
    <property name="java.vm.vendor" value="Homebrew"/>
    <property name="sun.arch.data.model" value="64"/>
    <property name="java.vendor.url" value="https://github.com/Homebrew/homebrew-core/issues"/>
    <property name="os.name" value="Mac OS X"/>
    <property name="java.vm.specification.version" value="21"/>
    <property name="sun.java.launcher" value="SUN_STANDARD"/>
    <property name="user.country" value="TH"/>
    <property name="sun.boot.library.path" value="/opt/goinfre/vanesabo/.brew/Cellar/openjdk/21.0.1/libexec/openjdk.jdk/Contents/Home/lib"/>
    <property name="sun.java.command" value="org.apache.maven.surefire.booter.ForkedBooter /Users/vanesabo/Java/SmartCalc_v3.0/SmartCalc/smartcalc/src/installer/src/main/resources/calc/target/surefire 2024-04-26T20-47-52_057-jvmRun1 surefire-20240426204752237_1tmp surefire_0-20240426204752237_2tmp"/>
    <property name="http.nonProxyHosts" value="local|*.local|169.254/16|*.169.254/16"/>
    <property name="jdk.debug" value="release"/>
    <property name="surefire.test.class.path" value="/Users/vanesabo/Java/SmartCalc_v3.0/SmartCalc/smartcalc/src/installer/src/main/resources/calc/target/test-classes:/Users/vanesabo/.m2/repository/org/openjfx/javafx-controls/21/javafx-controls-21.jar:/Users/vanesabo/.m2/repository/org/openjfx/javafx-graphics/21/javafx-graphics-21.jar:/Users/vanesabo/.m2/repository/org/openjfx/javafx-base/21/javafx-base-21.jar:/Users/vanesabo/.m2/repository/org/openjfx/javafx-fxml/21/javafx-fxml-21.jar:/Users/vanesabo/.m2/repository/com/jcraft/jsch/0.1.55/jsch-0.1.55.jar:/Users/vanesabo/.m2/repository/org/junit/jupiter/junit-jupiter-api/5.9.2/junit-jupiter-api-5.9.2.jar:/Users/vanesabo/.m2/repository/org/opentest4j/opentest4j/1.2.0/opentest4j-1.2.0.jar:/Users/vanesabo/.m2/repository/org/junit/platform/junit-platform-commons/1.9.2/junit-platform-commons-1.9.2.jar:/Users/vanesabo/.m2/repository/org/apiguardian/apiguardian-api/1.1.2/apiguardian-api-1.1.2.jar:/Users/vanesabo/.m2/repository/org/junit/jupiter/junit-jupiter-engine/5.9.2/junit-jupiter-engine-5.9.2.jar:/Users/vanesabo/.m2/repository/org/junit/platform/junit-platform-engine/1.9.2/junit-platform-engine-1.9.2.jar:"/>
    <property name="sun.cpu.endian" value="little"/>
    <property name="user.home" value="/Users/vanesabo"/>
    <property name="user.language" value="en"/>
    <property name="java.specification.vendor" value="Oracle Corporation"/>
    <property name="jdk.module.path" value="/Users/vanesabo/Java/SmartCalc_v3.0/SmartCalc/smartcalc/src/installer/src/main/resources/calc/target/classes:/Users/vanesabo/.m2/repository/org/openjfx/javafx-controls/21/javafx-controls-21-mac.jar:/Users/vanesabo/.m2/repository/org/openjfx/javafx-graphics/21/javafx-graphics-21-mac.jar:/Users/vanesabo/.m2/repository/org/openjfx/javafx-base/21/javafx-base-21-mac.jar:/Users/vanesabo/.m2/repository/org/openjfx/javafx-fxml/21/javafx-fxml-21-mac.jar:/Users/vanesabo/.m2/repository/org/kordamp/bootstrapfx/bootstrapfx-core/0.4.0/bootstrapfx-core-0.4.0.jar"/>
    <property name="java.version.date" value="2023-10-17"/>
    <property name="java.home" value="/opt/goinfre/vanesabo/.brew/Cellar/openjdk/21.0.1/libexec/openjdk.jdk/Contents/Home"/>
    <property name="file.separator" value="/"/>
    <property name="basedir" value="/Users/vanesabo/Java/SmartCalc_v3.0/SmartCalc/smartcalc/src/installer/src/main/resources/calc"/>
    <property name="java.vm.compressedOopsMode" value="Zero based"/>
    <property name="line.separator" value="&#10;"/>
    <property name="java.vm.specification.vendor" value="Oracle Corporation"/>
    <property name="java.specification.name" value="Java Platform API Specification"/>
    <property name="apple.awt.application.name" value="ForkedBooter"/>
    <property name="surefire.real.class.path" value="/Users/vanesabo/.m2/repository/org/apache/maven/surefire/surefire-booter/3.2.2/surefire-booter-3.2.2.jar:/Users/vanesabo/.m2/repository/org/apache/maven/surefire/surefire-api/3.2.2/surefire-api-3.2.2.jar:/Users/vanesabo/.m2/repository/org/apache/maven/surefire/surefire-logger-api/3.2.2/surefire-logger-api-3.2.2.jar:/Users/vanesabo/.m2/repository/org/apache/maven/surefire/surefire-shared-utils/3.2.2/surefire-shared-utils-3.2.2.jar:/Users/vanesabo/.m2/repository/org/apache/maven/surefire/surefire-extensions-spi/3.2.2/surefire-extensions-spi-3.2.2.jar:/Users/vanesabo/Java/SmartCalc_v3.0/SmartCalc/smartcalc/src/installer/src/main/resources/calc/target/test-classes:/Users/vanesabo/.m2/repository/org/openjfx/javafx-controls/21/javafx-controls-21.jar:/Users/vanesabo/.m2/repository/org/openjfx/javafx-graphics/21/javafx-graphics-21.jar:/Users/vanesabo/.m2/repository/org/openjfx/javafx-base/21/javafx-base-21.jar:/Users/vanesabo/.m2/repository/org/openjfx/javafx-fxml/21/javafx-fxml-21.jar:/Users/vanesabo/.m2/repository/com/jcraft/jsch/0.1.55/jsch-0.1.55.jar:/Users/vanesabo/.m2/repository/org/junit/jupiter/junit-jupiter-api/5.9.2/junit-jupiter-api-5.9.2.jar:/Users/vanesabo/.m2/repository/org/opentest4j/opentest4j/1.2.0/opentest4j-1.2.0.jar:/Users/vanesabo/.m2/repository/org/junit/platform/junit-platform-commons/1.9.2/junit-platform-commons-1.9.2.jar:/Users/vanesabo/.m2/repository/org/apiguardian/apiguardian-api/1.1.2/apiguardian-api-1.1.2.jar:/Users/vanesabo/.m2/repository/org/junit/jupiter/junit-jupiter-engine/5.9.2/junit-jupiter-engine-5.9.2.jar:/Users/vanesabo/.m2/repository/org/junit/platform/junit-platform-engine/1.9.2/junit-platform-engine-1.9.2.jar:/Users/vanesabo/.m2/repository/org/apache/maven/surefire/surefire-junit-platform/3.2.2/surefire-junit-platform-3.2.2.jar:/Users/vanesabo/.m2/repository/org/apache/maven/surefire/common-java5/3.2.2/common-java5-3.2.2.jar:/Users/vanesabo/.m2/repository/org/junit/platform/junit-platform-launcher/1.9.2/junit-platform-launcher-1.9.2.jar"/>
    <property name="sun.management.compiler" value="HotSpot 64-Bit Tiered Compilers"/>
    <property name="ftp.nonProxyHosts" value="local|*.local|169.254/16|*.169.254/16"/>
    <property name="java.runtime.version" value="21.0.1"/>
    <property name="user.name" value="vanesabo"/>
    <property name="stdout.encoding" value="UTF-8"/>
    <property name="path.separator" value=":"/>
    <property name="os.version" value="13.6.1"/>
    <property name="java.runtime.name" value="OpenJDK Runtime Environment"/>
    <property name="file.encoding" value="UTF-8"/>
    <property name="java.vm.name" value="OpenJDK 64-Bit Server VM"/>
    <property name="java.vendor.version" value="Homebrew"/>
    <property name="localRepository" value="/Users/vanesabo/.m2/repository"/>
    <property name="java.vendor.url.bug" value="https://github.com/Homebrew/homebrew-core/issues"/>
    <property name="java.io.tmpdir" value="/var/folders/zz/zyxvpxvq6csfxvn_n007m78401x1t1/T/"/>
    <property name="java.version" value="21.0.1"/>
    <property name="user.dir" value="/Users/vanesabo/Java/SmartCalc_v3.0/SmartCalc/smartcalc/src/installer/src/main/resources/calc"/>
    <property name="os.arch" value="x86_64"/>
    <property name="java.vm.specification.name" value="Java Virtual Machine Specification"/>
    <property name="native.encoding" value="UTF-8"/>
    <property name="java.library.path" value="/Users/vanesabo/Library/Java/Extensions:/Library/Java/Extensions:/Network/Library/Java/Extensions:/System/Library/Java/Extensions:/usr/lib/java:."/>
    <property name="java.vm.info" value="mixed mode"/>
    <property name="stderr.encoding" value="UTF-8"/>
    <property name="java.vendor" value="Homebrew"/>
    <property name="java.vm.version" value="21.0.1"/>
    <property name="sun.io.unicode.encoding" value="UnicodeBig"/>
    <property name="socksNonProxyHosts" value="local|*.local|169.254/16|*.169.254/16"/>
    <property name="java.class.version" value="65.0"/>
  </properties>
  <testcase name="Test1" classname="com.greenone.smartcalc.TestApplication" time="0.035"/>
  <testcase name="Test2" classname="com.greenone.smartcalc.TestApplication" time="0.001"/>
  <testcase name="Test3" classname="com.greenone.smartcalc.TestApplication" time="0.0"/>
  <testcase name="Test4" classname="com.greenone.smartcalc.TestApplication" time="0.001"/>
  <testcase name="Test5" classname="com.greenone.smartcalc.TestApplication" time="0.001"/>
  <testcase name="Test6" classname="com.greenone.smartcalc.TestApplication" time="0.001"/>
</testsuite>